mode: atomic
github.com/sreckoskocilic/envocabulary/internal/cleaner/cleaner.go:43.54,47.16 4 10
github.com/sreckoskocilic/envocabulary/internal/cleaner/cleaner.go:47.16,49.3 1 27
github.com/sreckoskocilic/envocabulary/internal/cleaner/cleaner.go:50.2,50.33 1 10
github.com/sreckoskocilic/envocabulary/internal/cleaner/cleaner.go:50.33,52.3 1 0
github.com/sreckoskocilic/envocabulary/internal/cleaner/cleaner.go:54.2,55.27 2 10
github.com/sreckoskocilic/envocabulary/internal/cleaner/cleaner.go:55.27,58.43 3 27
github.com/sreckoskocilic/envocabulary/internal/cleaner/cleaner.go:58.43,60.12 2 1
github.com/sreckoskocilic/envocabulary/internal/cleaner/cleaner.go:62.3,62.32 1 26
github.com/sreckoskocilic/envocabulary/internal/cleaner/cleaner.go:62.32,64.60 2 13
github.com/sreckoskocilic/envocabulary/internal/cleaner/cleaner.go:64.60,66.5 1 13
github.com/sreckoskocilic/envocabulary/internal/cleaner/cleaner.go:70.2,71.30 2 10
github.com/sreckoskocilic/envocabulary/internal/cleaner/cleaner.go:71.30,72.25 1 21
github.com/sreckoskocilic/envocabulary/internal/cleaner/cleaner.go:72.25,75.12 3 14
github.com/sreckoskocilic/envocabulary/internal/cleaner/cleaner.go:77.3,78.43 2 7
github.com/sreckoskocilic/envocabulary/internal/cleaner/cleaner.go:78.43,80.4 1 13
github.com/sreckoskocilic/envocabulary/internal/cleaner/cleaner.go:81.3,82.26 2 7
github.com/sreckoskocilic/envocabulary/internal/cleaner/cleaner.go:82.26,84.4 1 13
github.com/sreckoskocilic/envocabulary/internal/cleaner/cleaner.go:85.3,85.8 1 7
github.com/sreckoskocilic/envocabulary/internal/cleaner/cleaner.go:88.2,90.27 3 10
github.com/sreckoskocilic/envocabulary/internal/cleaner/cleaner.go:90.27,92.18 2 27
github.com/sreckoskocilic/envocabulary/internal/cleaner/cleaner.go:92.18,94.4 1 19
github.com/sreckoskocilic/envocabulary/internal/cleaner/cleaner.go:94.9,96.4 1 8
github.com/sreckoskocilic/envocabulary/internal/cleaner/cleaner.go:98.2,98.30 1 10
github.com/sreckoskocilic/envocabulary/internal/cleaner/cleaner.go:103.48,105.16 2 10
github.com/sreckoskocilic/envocabulary/internal/cleaner/cleaner.go:105.16,107.3 1 0
github.com/sreckoskocilic/envocabulary/internal/cleaner/cleaner.go:108.2,109.30 2 10
github.com/sreckoskocilic/envocabulary/internal/cleaner/cleaner.go:109.30,110.13 1 27
github.com/sreckoskocilic/envocabulary/internal/cleaner/cleaner.go:110.13,112.4 1 19
github.com/sreckoskocilic/envocabulary/internal/cleaner/cleaner.go:114.2,114.51 1 10
github.com/sreckoskocilic/envocabulary/internal/cleaner/cleaner.go:117.45,118.21 1 7
github.com/sreckoskocilic/envocabulary/internal/cleaner/cleaner.go:118.21,120.3 1 4
github.com/sreckoskocilic/envocabulary/internal/cleaner/cleaner.go:121.2,122.27 2 3
github.com/sreckoskocilic/envocabulary/internal/cleaner/cleaner.go:122.27,124.14 2 5
github.com/sreckoskocilic/envocabulary/internal/cleaner/cleaner.go:124.14,125.12 1 0
github.com/sreckoskocilic/envocabulary/internal/cleaner/cleaner.go:127.3,127.25 1 5
github.com/sreckoskocilic/envocabulary/internal/cleaner/cleaner.go:127.25,129.4 1 0
github.com/sreckoskocilic/envocabulary/internal/cleaner/cleaner.go:130.3,130.22 1 5
github.com/sreckoskocilic/envocabulary/internal/cleaner/cleaner.go:130.22,131.12 1 2
github.com/sreckoskocilic/envocabulary/internal/cleaner/cleaner.go:133.3,133.24 1 3
github.com/sreckoskocilic/envocabulary/internal/cleaner/cleaner.go:133.24,135.12 2 1
github.com/sreckoskocilic/envocabulary/internal/cleaner/cleaner.go:137.3,137.15 1 2
github.com/sreckoskocilic/envocabulary/internal/cleaner/cleaner.go:139.2,139.17 1 1
github.com/sreckoskocilic/envocabulary/internal/cleaner/cleaner.go:142.34,144.2 1 5
github.com/sreckoskocilic/envocabulary/internal/cleaner/cleaner.go:146.36,147.17 1 3
github.com/sreckoskocilic/envocabulary/internal/cleaner/cleaner.go:147.17,149.3 1 2
github.com/sreckoskocilic/envocabulary/internal/cleaner/cleaner.go:150.2,150.31 1 1
github.com/sreckoskocilic/envocabulary/internal/cleaner/cleaner.go:150.31,152.3 1 0
github.com/sreckoskocilic/envocabulary/internal/cleaner/cleaner.go:153.2,153.36 1 1
github.com/sreckoskocilic/envocabulary/internal/cleaner/cleaner.go:156.37,158.13 2 20
github.com/sreckoskocilic/envocabulary/internal/cleaner/cleaner.go:158.13,160.3 1 1
github.com/sreckoskocilic/envocabulary/internal/cleaner/cleaner.go:161.2,167.35 1 19
github.com/sreckoskocilic/envocabulary/internal/dedup/dedup.go:36.42,37.14 1 12
github.com/sreckoskocilic/envocabulary/internal/dedup/dedup.go:38.56,39.14 1 4
github.com/sreckoskocilic/envocabulary/internal/dedup/dedup.go:41.2,41.41 1 8
github.com/sreckoskocilic/envocabulary/internal/dedup/dedup.go:46.43,53.26 4 4
github.com/sreckoskocilic/envocabulary/internal/dedup/dedup.go:53.26,54.30 1 7
github.com/sreckoskocilic/envocabulary/internal/dedup/dedup.go:54.30,55.28 1 16
github.com/sreckoskocilic/envocabulary/internal/dedup/dedup.go:55.28,56.13 1 3
github.com/sreckoskocilic/envocabulary/internal/dedup/dedup.go:58.4,58.106 1 13
github.com/sreckoskocilic/envocabulary/internal/dedup/dedup.go:58.106,59.13 1 6
github.com/sreckoskocilic/envocabulary/internal/dedup/dedup.go:61.4,65.10 2 7
github.com/sreckoskocilic/envocabulary/internal/dedup/dedup.go:69.2,70.28 2 4
github.com/sreckoskocilic/envocabulary/internal/dedup/dedup.go:70.28,73.3 2 7
github.com/sreckoskocilic/envocabulary/internal/dedup/dedup.go:75.2,76.28 2 4
github.com/sreckoskocilic/envocabulary/internal/dedup/dedup.go:76.28,77.17 1 5
github.com/sreckoskocilic/envocabulary/internal/dedup/dedup.go:77.17,78.12 1 3
github.com/sreckoskocilic/envocabulary/internal/dedup/dedup.go:80.3,80.37 1 2
github.com/sreckoskocilic/envocabulary/internal/dedup/dedup.go:80.37,80.69 1 2
github.com/sreckoskocilic/envocabulary/internal/dedup/dedup.go:81.3,83.34 3 2
github.com/sreckoskocilic/envocabulary/internal/dedup/dedup.go:83.34,85.4 1 2
github.com/sreckoskocilic/envocabulary/internal/dedup/dedup.go:86.3,91.5 1 2
github.com/sreckoskocilic/envocabulary/internal/dedup/dedup.go:94.2,94.41 1 4
github.com/sreckoskocilic/envocabulary/internal/dedup/dedup.go:94.41,95.39 1 1
github.com/sreckoskocilic/envocabulary/internal/dedup/dedup.go:95.39,97.4 1 0
github.com/sreckoskocilic/envocabulary/internal/dedup/dedup.go:98.3,98.41 1 1
github.com/sreckoskocilic/envocabulary/internal/dedup/dedup.go:100.2,100.15 1 4
github.com/sreckoskocilic/envocabulary/internal/dedup/dedup.go:105.53,107.27 2 1
github.com/sreckoskocilic/envocabulary/internal/dedup/dedup.go:107.27,108.30 1 1
github.com/sreckoskocilic/envocabulary/internal/dedup/dedup.go:108.30,110.4 1 2
github.com/sreckoskocilic/envocabulary/internal/dedup/dedup.go:112.2,112.12 1 1
github.com/sreckoskocilic/envocabulary/internal/dedup/dedup.go:115.40,117.2 1 4
github.com/sreckoskocilic/envocabulary/internal/capture/capture.go:15.46,17.16 2 0
github.com/sreckoskocilic/envocabulary/internal/capture/capture.go:17.16,19.3 1 0
github.com/sreckoskocilic/envocabulary/internal/capture/capture.go:20.2,20.37 1 0
github.com/sreckoskocilic/envocabulary/internal/capture/capture.go:23.50,30.35 7 0
github.com/sreckoskocilic/envocabulary/internal/capture/capture.go:30.35,32.3 1 0
github.com/sreckoskocilic/envocabulary/internal/capture/capture.go:33.2,33.19 1 0
github.com/sreckoskocilic/envocabulary/internal/capture/capture.go:36.28,39.23 3 0
github.com/sreckoskocilic/envocabulary/internal/capture/capture.go:39.23,40.36 1 0
github.com/sreckoskocilic/envocabulary/internal/capture/capture.go:40.36,41.12 1 0
github.com/sreckoskocilic/envocabulary/internal/capture/capture.go:43.3,43.24 1 0
github.com/sreckoskocilic/envocabulary/internal/capture/capture.go:45.2,46.12 2 0
github.com/sreckoskocilic/envocabulary/internal/capture/capture.go:49.53,51.50 2 8
github.com/sreckoskocilic/envocabulary/internal/capture/capture.go:51.50,52.22 1 18
github.com/sreckoskocilic/envocabulary/internal/capture/capture.go:52.22,53.12 1 7
github.com/sreckoskocilic/envocabulary/internal/capture/capture.go:55.3,56.12 2 11
github.com/sreckoskocilic/envocabulary/internal/capture/capture.go:56.12,57.12 1 1
github.com/sreckoskocilic/envocabulary/internal/capture/capture.go:59.3,59.45 1 10
github.com/sreckoskocilic/envocabulary/internal/capture/capture.go:61.2,61.10 1 8
github.com/sreckoskocilic/envocabulary/internal/capture/capture.go:69.46,72.29 3 14
github.com/sreckoskocilic/envocabulary/internal/capture/capture.go:72.29,74.15 2 30
github.com/sreckoskocilic/envocabulary/internal/capture/capture.go:74.15,75.12 1 16
github.com/sreckoskocilic/envocabulary/internal/capture/capture.go:77.3,80.16 4 14
github.com/sreckoskocilic/envocabulary/internal/capture/capture.go:80.16,81.12 1 1
github.com/sreckoskocilic/envocabulary/internal/capture/capture.go:83.3,83.92 1 13
github.com/sreckoskocilic/envocabulary/internal/capture/capture.go:85.2,85.16 1 14
github.com/sreckoskocilic/envocabulary/internal/color/color.go:24.40,25.11 1 7
github.com/sreckoskocilic/envocabulary/internal/color/color.go:26.18,27.19 1 2
github.com/sreckoskocilic/envocabulary/internal/color/color.go:28.31,29.21 1 2
github.com/sreckoskocilic/envocabulary/internal/color/color.go:30.37,31.20 1 2
github.com/sreckoskocilic/envocabulary/internal/color/color.go:32.10,33.79 1 1
github.com/sreckoskocilic/envocabulary/internal/color/color.go:39.41,40.11 1 4
github.com/sreckoskocilic/envocabulary/internal/color/color.go:41.14,42.14 1 1
github.com/sreckoskocilic/envocabulary/internal/color/color.go:43.13,44.15 1 1
github.com/sreckoskocilic/envocabulary/internal/color/color.go:45.12,46.34 1 2
github.com/sreckoskocilic/envocabulary/internal/color/color.go:46.34,48.4 1 1
github.com/sreckoskocilic/envocabulary/internal/color/color.go:49.3,49.23 1 1
github.com/sreckoskocilic/envocabulary/internal/color/color.go:51.2,51.14 1 0
github.com/sreckoskocilic/envocabulary/internal/color/color.go:54.35,56.9 2 1
github.com/sreckoskocilic/envocabulary/internal/color/color.go:56.9,58.3 1 1
github.com/sreckoskocilic/envocabulary/internal/color/color.go:59.2,60.16 2 0
github.com/sreckoskocilic/envocabulary/internal/color/color.go:60.16,62.3 1 0
github.com/sreckoskocilic/envocabulary/internal/color/color.go:63.2,63.45 1 0
github.com/sreckoskocilic/envocabulary/internal/color/color.go:68.43,69.9 1 2
github.com/sreckoskocilic/envocabulary/internal/color/color.go:69.9,71.3 1 1
github.com/sreckoskocilic/envocabulary/internal/color/color.go:72.2,72.25 1 1
github.com/sreckoskocilic/envocabulary/internal/attribute/attribute.go:11.84,15.35 3 6
github.com/sreckoskocilic/envocabulary/internal/attribute/attribute.go:15.35,18.10 2 10
github.com/sreckoskocilic/envocabulary/internal/attribute/attribute.go:19.38,21.57 2 2
github.com/sreckoskocilic/envocabulary/internal/attribute/attribute.go:23.32,24.33 1 1
github.com/sreckoskocilic/envocabulary/internal/attribute/attribute.go:26.11,27.31 1 7
github.com/sreckoskocilic/envocabulary/internal/attribute/attribute.go:27.31,30.5 2 4
github.com/sreckoskocilic/envocabulary/internal/attribute/attribute.go:30.10,34.5 3 3
github.com/sreckoskocilic/envocabulary/internal/attribute/attribute.go:37.3,37.23 1 10
github.com/sreckoskocilic/envocabulary/internal/attribute/attribute.go:40.2,40.38 1 6
github.com/sreckoskocilic/envocabulary/internal/attribute/attribute.go:40.38,41.37 1 8
github.com/sreckoskocilic/envocabulary/internal/attribute/attribute.go:41.37,43.4 1 7
github.com/sreckoskocilic/envocabulary/internal/attribute/attribute.go:44.3,44.35 1 1
github.com/sreckoskocilic/envocabulary/internal/attribute/attribute.go:46.2,46.12 1 6
github.com/sreckoskocilic/envocabulary/internal/attribute/attribute.go:49.72,51.26 2 7
github.com/sreckoskocilic/envocabulary/internal/attribute/attribute.go:51.26,53.3 1 8
github.com/sreckoskocilic/envocabulary/internal/attribute/attribute.go:54.2,54.10 1 7
github.com/sreckoskocilic/envocabulary/internal/attribute/attribute.go:57.37,58.11 1 23
github.com/sreckoskocilic/envocabulary/internal/attribute/attribute.go:59.29,60.11 1 5
github.com/sreckoskocilic/envocabulary/internal/attribute/attribute.go:61.26,62.11 1 1
github.com/sreckoskocilic/envocabulary/internal/attribute/attribute.go:63.27,64.11 1 1
github.com/sreckoskocilic/envocabulary/internal/attribute/attribute.go:65.26,66.11 1 5
github.com/sreckoskocilic/envocabulary/internal/attribute/attribute.go:67.28,68.11 1 1
github.com/sreckoskocilic/envocabulary/internal/attribute/attribute.go:69.23,70.11 1 3
github.com/sreckoskocilic/envocabulary/internal/attribute/attribute.go:71.28,72.11 1 5
github.com/sreckoskocilic/envocabulary/internal/attribute/attribute.go:73.27,74.11 1 1
github.com/sreckoskocilic/envocabulary/internal/attribute/attribute.go:75.10,76.12 1 1
github.com/sreckoskocilic/envocabulary/internal/buckets/buckets.go:74.72,75.77 1 22
github.com/sreckoskocilic/envocabulary/internal/buckets/buckets.go:75.77,77.3 1 2
github.com/sreckoskocilic/envocabulary/internal/buckets/buckets.go:78.2,78.37 1 20
github.com/sreckoskocilic/envocabulary/internal/buckets/buckets.go:78.37,80.3 1 1
github.com/sreckoskocilic/envocabulary/internal/buckets/buckets.go:81.2,81.69 1 19
github.com/sreckoskocilic/envocabulary/internal/buckets/buckets.go:81.69,83.3 1 2
github.com/sreckoskocilic/envocabulary/internal/buckets/buckets.go:84.2,84.24 1 17
github.com/sreckoskocilic/envocabulary/internal/buckets/buckets.go:84.24,86.3 1 3
github.com/sreckoskocilic/envocabulary/internal/buckets/buckets.go:87.2,87.19 1 14
github.com/sreckoskocilic/envocabulary/internal/buckets/buckets.go:87.19,89.3 1 3
github.com/sreckoskocilic/envocabulary/internal/buckets/buckets.go:90.2,90.22 1 11
github.com/sreckoskocilic/envocabulary/internal/buckets/buckets.go:90.22,92.3 1 3
github.com/sreckoskocilic/envocabulary/internal/buckets/buckets.go:93.2,93.54 1 8
github.com/sreckoskocilic/envocabulary/internal/buckets/buckets.go:93.54,95.3 1 3
github.com/sreckoskocilic/envocabulary/internal/buckets/buckets.go:96.2,96.28 1 5
github.com/sreckoskocilic/envocabulary/internal/buckets/buckets.go:96.28,98.3 1 4
github.com/sreckoskocilic/envocabulary/internal/buckets/buckets.go:99.2,99.80 1 1
github.com/sreckoskocilic/envocabulary/internal/buckets/buckets.go:99.80,100.52 1 1
github.com/sreckoskocilic/envocabulary/internal/buckets/buckets.go:100.52,102.4 1 0
github.com/sreckoskocilic/envocabulary/internal/buckets/buckets.go:104.2,104.32 1 1
github.com/sreckoskocilic/envocabulary/internal/catalog/catalog.go:33.45,36.45 3 6
github.com/sreckoskocilic/envocabulary/internal/catalog/catalog.go:36.45,38.3 1 2
github.com/sreckoskocilic/envocabulary/internal/catalog/catalog.go:40.2,41.16 2 6
github.com/sreckoskocilic/envocabulary/internal/catalog/catalog.go:41.16,43.3 1 2
github.com/sreckoskocilic/envocabulary/internal/catalog/catalog.go:45.2,45.25 1 6
github.com/sreckoskocilic/envocabulary/internal/catalog/catalog.go:45.25,46.12 1 7
github.com/sreckoskocilic/envocabulary/internal/catalog/catalog.go:46.12,48.4 1 2
github.com/sreckoskocilic/envocabulary/internal/catalog/catalog.go:49.3,49.55 1 7
github.com/sreckoskocilic/envocabulary/internal/catalog/catalog.go:49.55,51.4 1 0
github.com/sreckoskocilic/envocabulary/internal/catalog/catalog.go:53.2,53.12 1 6
github.com/sreckoskocilic/envocabulary/internal/catalog/catalog.go:56.73,58.26 2 10
github.com/sreckoskocilic/envocabulary/internal/catalog/catalog.go:58.26,59.17 1 24
github.com/sreckoskocilic/envocabulary/internal/catalog/catalog.go:60.35,61.24 1 10
github.com/sreckoskocilic/envocabulary/internal/catalog/catalog.go:62.36,63.24 1 6
github.com/sreckoskocilic/envocabulary/internal/catalog/catalog.go:63.24,65.5 1 3
github.com/sreckoskocilic/envocabulary/internal/catalog/catalog.go:66.29,67.68 1 8
github.com/sreckoskocilic/envocabulary/internal/catalog/catalog.go:67.68,69.5 1 3
github.com/sreckoskocilic/envocabulary/internal/catalog/catalog.go:72.2,72.12 1 10
github.com/sreckoskocilic/envocabulary/internal/catalog/catalog.go:75.54,77.146 2 11
github.com/sreckoskocilic/envocabulary/internal/catalog/catalog.go:77.146,79.3 1 6
github.com/sreckoskocilic/envocabulary/internal/catalog/catalog.go:80.2,80.17 1 5
github.com/sreckoskocilic/envocabulary/internal/catalog/catalog.go:80.17,82.3 1 2
github.com/sreckoskocilic/envocabulary/internal/catalog/catalog.go:83.2,83.14 1 3
github.com/sreckoskocilic/envocabulary/internal/catalog/catalog.go:86.38,88.16 2 12
github.com/sreckoskocilic/envocabulary/internal/catalog/catalog.go:89.34,90.29 1 9
github.com/sreckoskocilic/envocabulary/internal/catalog/catalog.go:91.35,92.13 1 1
github.com/sreckoskocilic/envocabulary/internal/catalog/catalog.go:93.28,94.13 1 1
github.com/sreckoskocilic/envocabulary/internal/catalog/catalog.go:96.2,96.12 1 1
github.com/sreckoskocilic/envocabulary/internal/catalog/catalog.go:99.103,101.16 2 7
github.com/sreckoskocilic/envocabulary/internal/catalog/catalog.go:101.16,103.3 1 0
github.com/sreckoskocilic/envocabulary/internal/catalog/catalog.go:104.2,107.16 3 7
github.com/sreckoskocilic/envocabulary/internal/catalog/catalog.go:108.28,109.24 1 0
github.com/sreckoskocilic/envocabulary/internal/catalog/catalog.go:110.35,111.22 1 1
github.com/sreckoskocilic/envocabulary/internal/catalog/catalog.go:112.34,112.34 0 6
github.com/sreckoskocilic/envocabulary/internal/catalog/catalog.go:115.2,125.16 9 7
github.com/sreckoskocilic/envocabulary/internal/catalog/catalog.go:125.16,129.34 4 10
github.com/sreckoskocilic/envocabulary/internal/catalog/catalog.go:129.34,130.59 1 4
github.com/sreckoskocilic/envocabulary/internal/catalog/catalog.go:130.59,133.5 2 2
github.com/sreckoskocilic/envocabulary/internal/catalog/catalog.go:135.3,135.23 1 10
github.com/sreckoskocilic/envocabulary/internal/catalog/catalog.go:135.23,138.4 2 3
github.com/sreckoskocilic/envocabulary/internal/catalog/catalog.go:138.9,140.4 1 7
github.com/sreckoskocilic/envocabulary/internal/catalog/catalog.go:142.2,142.17 1 7
github.com/sreckoskocilic/envocabulary/internal/model/model.go:31.42,32.14 1 12
github.com/sreckoskocilic/envocabulary/internal/model/model.go:34.76,35.14 1 8
github.com/sreckoskocilic/envocabulary/internal/model/model.go:37.2,37.14 1 4
github.com/sreckoskocilic/envocabulary/internal/model/model.go:40.36,41.14 1 7
github.com/sreckoskocilic/envocabulary/internal/model/model.go:42.68,43.14 1 4
github.com/sreckoskocilic/envocabulary/internal/model/model.go:45.2,45.14 1 3
github.com/sreckoskocilic/envocabulary/internal/explain/explain.go:22.87,28.26 5 7
github.com/sreckoskocilic/envocabulary/internal/explain/explain.go:28.26,29.21 1 4
github.com/sreckoskocilic/envocabulary/internal/explain/explain.go:29.21,31.4 1 4
github.com/sreckoskocilic/envocabulary/internal/explain/explain.go:34.2,34.9 1 7
github.com/sreckoskocilic/envocabulary/internal/explain/explain.go:35.37,37.55 2 1
github.com/sreckoskocilic/envocabulary/internal/explain/explain.go:39.31,40.32 1 1
github.com/sreckoskocilic/envocabulary/internal/explain/explain.go:42.10,43.25 1 5
github.com/sreckoskocilic/envocabulary/internal/explain/explain.go:43.25,47.4 3 3
github.com/sreckoskocilic/envocabulary/internal/explain/explain.go:47.9,47.21 1 2
github.com/sreckoskocilic/envocabulary/internal/explain/explain.go:47.21,51.4 3 1
github.com/sreckoskocilic/envocabulary/internal/explain/explain.go:51.9,54.4 2 1
github.com/sreckoskocilic/envocabulary/internal/explain/explain.go:57.2,57.10 1 7
github.com/sreckoskocilic/envocabulary/internal/explain/explain.go:60.55,63.16 2 3
github.com/sreckoskocilic/envocabulary/internal/explain/explain.go:63.16,65.25 2 1
github.com/sreckoskocilic/envocabulary/internal/explain/explain.go:65.25,67.4 1 0
github.com/sreckoskocilic/envocabulary/internal/explain/explain.go:67.9,69.4 1 1
github.com/sreckoskocilic/envocabulary/internal/explain/explain.go:72.2,73.21 2 2
github.com/sreckoskocilic/envocabulary/internal/explain/explain.go:73.21,75.3 1 1
github.com/sreckoskocilic/envocabulary/internal/explain/explain.go:77.2,77.24 1 2
github.com/sreckoskocilic/envocabulary/internal/explain/explain.go:77.24,79.31 2 1
github.com/sreckoskocilic/envocabulary/internal/explain/explain.go:79.31,81.29 2 2
github.com/sreckoskocilic/envocabulary/internal/explain/explain.go:81.29,83.5 1 1
github.com/sreckoskocilic/envocabulary/internal/explain/explain.go:84.4,84.18 1 2
github.com/sreckoskocilic/envocabulary/internal/explain/explain.go:84.18,86.5 1 0
github.com/sreckoskocilic/envocabulary/internal/explain/explain.go:86.10,88.5 1 2
github.com/sreckoskocilic/envocabulary/internal/explain/explain.go:90.8,90.46 1 1
github.com/sreckoskocilic/envocabulary/internal/explain/explain.go:90.46,92.3 1 1
github.com/sreckoskocilic/envocabulary/internal/explain/explain.go:94.2,94.19 1 2
github.com/sreckoskocilic/envocabulary/internal/explain/explain.go:94.19,96.3 1 0
github.com/sreckoskocilic/envocabulary/internal/explain/explain.go:98.2,98.29 1 2
github.com/sreckoskocilic/envocabulary/internal/explain/explain.go:98.29,100.3 1 1
github.com/sreckoskocilic/envocabulary/internal/explain/explain.go:100.8,100.22 1 1
github.com/sreckoskocilic/envocabulary/internal/explain/explain.go:100.22,102.3 1 1
github.com/sreckoskocilic/envocabulary/internal/explain/explain.go:105.61,106.17 1 2
github.com/sreckoskocilic/envocabulary/internal/explain/explain.go:106.17,108.28 2 1
github.com/sreckoskocilic/envocabulary/internal/explain/explain.go:108.28,110.4 1 1
github.com/sreckoskocilic/envocabulary/internal/explain/explain.go:112.2,114.22 3 2
github.com/sreckoskocilic/envocabulary/cmd/envocabulary/main.go:29.13,31.2 1 0
github.com/sreckoskocilic/envocabulary/cmd/envocabulary/main.go:33.55,34.19 1 9
github.com/sreckoskocilic/envocabulary/cmd/envocabulary/main.go:34.19,35.18 1 9
github.com/sreckoskocilic/envocabulary/cmd/envocabulary/main.go:36.31,38.12 2 3
github.com/sreckoskocilic/envocabulary/cmd/envocabulary/main.go:39.37,41.12 2 3
github.com/sreckoskocilic/envocabulary/cmd/envocabulary/main.go:43.3,43.39 1 3
github.com/sreckoskocilic/envocabulary/cmd/envocabulary/main.go:43.39,44.19 1 3
github.com/sreckoskocilic/envocabulary/cmd/envocabulary/main.go:45.16,46.45 1 0
github.com/sreckoskocilic/envocabulary/cmd/envocabulary/main.go:47.19,48.48 1 0
github.com/sreckoskocilic/envocabulary/cmd/envocabulary/main.go:49.21,50.50 1 1
github.com/sreckoskocilic/envocabulary/cmd/envocabulary/main.go:51.17,52.46 1 0
github.com/sreckoskocilic/envocabulary/cmd/envocabulary/main.go:53.19,54.48 1 1
github.com/sreckoskocilic/envocabulary/cmd/envocabulary/main.go:55.17,56.46 1 0
github.com/sreckoskocilic/envocabulary/cmd/envocabulary/main.go:57.12,60.13 3 1
github.com/sreckoskocilic/envocabulary/cmd/envocabulary/main.go:64.2,64.38 1 0
github.com/sreckoskocilic/envocabulary/cmd/envocabulary/main.go:67.25,96.2 28 5
github.com/sreckoskocilic/envocabulary/cmd/envocabulary/main.go:98.28,118.2 19 1
github.com/sreckoskocilic/envocabulary/cmd/envocabulary/main.go:120.31,141.2 20 2
github.com/sreckoskocilic/envocabulary/cmd/envocabulary/main.go:143.33,158.2 14 1
github.com/sreckoskocilic/envocabulary/cmd/envocabulary/main.go:160.31,185.2 24 1
github.com/sreckoskocilic/envocabulary/cmd/envocabulary/main.go:187.29,206.2 18 1
github.com/sreckoskocilic/envocabulary/cmd/envocabulary/main.go:208.29,237.2 28 2
github.com/sreckoskocilic/envocabulary/cmd/envocabulary/main.go:239.59,242.20 3 0
github.com/sreckoskocilic/envocabulary/cmd/envocabulary/main.go:242.20,242.40 1 0
github.com/sreckoskocilic/envocabulary/cmd/envocabulary/main.go:243.2,245.39 3 0
github.com/sreckoskocilic/envocabulary/cmd/envocabulary/main.go:245.39,247.3 1 0
github.com/sreckoskocilic/envocabulary/cmd/envocabulary/main.go:249.2,250.16 2 0
github.com/sreckoskocilic/envocabulary/cmd/envocabulary/main.go:250.16,252.3 1 0
github.com/sreckoskocilic/envocabulary/cmd/envocabulary/main.go:254.2,255.16 2 0
github.com/sreckoskocilic/envocabulary/cmd/envocabulary/main.go:255.16,258.3 2 0
github.com/sreckoskocilic/envocabulary/cmd/envocabulary/main.go:260.2,262.14 2 0
github.com/sreckoskocilic/envocabulary/cmd/envocabulary/main.go:262.14,264.3 1 0
github.com/sreckoskocilic/envocabulary/cmd/envocabulary/main.go:265.2,266.10 2 0
github.com/sreckoskocilic/envocabulary/cmd/envocabulary/main.go:269.62,272.20 3 1
github.com/sreckoskocilic/envocabulary/cmd/envocabulary/main.go:272.20,272.43 1 0
github.com/sreckoskocilic/envocabulary/cmd/envocabulary/main.go:273.2,275.39 3 1
github.com/sreckoskocilic/envocabulary/cmd/envocabulary/main.go:275.39,277.3 1 0
github.com/sreckoskocilic/envocabulary/cmd/envocabulary/main.go:279.2,279.19 1 1
github.com/sreckoskocilic/envocabulary/cmd/envocabulary/main.go:279.19,282.3 2 1
github.com/sreckoskocilic/envocabulary/cmd/envocabulary/main.go:283.2,286.16 3 0
github.com/sreckoskocilic/envocabulary/cmd/envocabulary/main.go:286.16,288.3 1 0
github.com/sreckoskocilic/envocabulary/cmd/envocabulary/main.go:290.2,291.16 2 0
github.com/sreckoskocilic/envocabulary/cmd/envocabulary/main.go:291.16,294.3 2 0
github.com/sreckoskocilic/envocabulary/cmd/envocabulary/main.go:296.2,298.14 2 0
github.com/sreckoskocilic/envocabulary/cmd/envocabulary/main.go:298.14,299.71 1 0
github.com/sreckoskocilic/envocabulary/cmd/envocabulary/main.go:299.71,301.4 1 0
github.com/sreckoskocilic/envocabulary/cmd/envocabulary/main.go:302.3,302.11 1 0
github.com/sreckoskocilic/envocabulary/cmd/envocabulary/main.go:304.2,305.10 2 0
github.com/sreckoskocilic/envocabulary/cmd/envocabulary/main.go:308.62,311.20 3 5
github.com/sreckoskocilic/envocabulary/cmd/envocabulary/main.go:311.20,311.43 1 0
github.com/sreckoskocilic/envocabulary/cmd/envocabulary/main.go:312.2,317.39 6 5
github.com/sreckoskocilic/envocabulary/cmd/envocabulary/main.go:317.39,319.3 1 0
github.com/sreckoskocilic/envocabulary/cmd/envocabulary/main.go:321.2,322.16 2 5
github.com/sreckoskocilic/envocabulary/cmd/envocabulary/main.go:322.16,325.3 2 1
github.com/sreckoskocilic/envocabulary/cmd/envocabulary/main.go:327.2,334.52 2 4
github.com/sreckoskocilic/envocabulary/cmd/envocabulary/main.go:334.52,336.3 1 0
github.com/sreckoskocilic/envocabulary/cmd/envocabulary/main.go:337.2,337.10 1 4
github.com/sreckoskocilic/envocabulary/cmd/envocabulary/main.go:340.60,343.20 3 2
github.com/sreckoskocilic/envocabulary/cmd/envocabulary/main.go:343.20,343.41 1 0
github.com/sreckoskocilic/envocabulary/cmd/envocabulary/main.go:344.2,346.39 3 2
github.com/sreckoskocilic/envocabulary/cmd/envocabulary/main.go:346.39,348.3 1 0
github.com/sreckoskocilic/envocabulary/cmd/envocabulary/main.go:350.2,352.26 3 2
github.com/sreckoskocilic/envocabulary/cmd/envocabulary/main.go:352.26,353.17 1 3
github.com/sreckoskocilic/envocabulary/cmd/envocabulary/main.go:354.35,355.26 1 3
github.com/sreckoskocilic/envocabulary/cmd/envocabulary/main.go:356.36,357.13 1 0
github.com/sreckoskocilic/envocabulary/cmd/envocabulary/main.go:357.13,359.5 1 0
github.com/sreckoskocilic/envocabulary/cmd/envocabulary/main.go:360.29,361.16 1 0
github.com/sreckoskocilic/envocabulary/cmd/envocabulary/main.go:361.16,363.5 1 0
github.com/sreckoskocilic/envocabulary/cmd/envocabulary/main.go:366.2,366.45 1 2
github.com/sreckoskocilic/envocabulary/cmd/envocabulary/main.go:366.45,368.3 1 1
github.com/sreckoskocilic/envocabulary/cmd/envocabulary/main.go:370.2,371.22 2 2
github.com/sreckoskocilic/envocabulary/cmd/envocabulary/main.go:371.22,374.3 2 1
github.com/sreckoskocilic/envocabulary/cmd/envocabulary/main.go:375.2,376.10 2 1
github.com/sreckoskocilic/envocabulary/cmd/envocabulary/main.go:383.42,385.47 2 11
github.com/sreckoskocilic/envocabulary/cmd/envocabulary/main.go:385.47,387.3 1 10
github.com/sreckoskocilic/envocabulary/cmd/envocabulary/main.go:388.2,388.16 1 11
github.com/sreckoskocilic/envocabulary/cmd/envocabulary/main.go:389.34,390.28 1 8
github.com/sreckoskocilic/envocabulary/cmd/envocabulary/main.go:391.35,392.13 1 1
github.com/sreckoskocilic/envocabulary/cmd/envocabulary/main.go:393.28,394.13 1 1
github.com/sreckoskocilic/envocabulary/cmd/envocabulary/main.go:396.2,396.12 1 1
github.com/sreckoskocilic/envocabulary/cmd/envocabulary/main.go:399.55,401.27 2 2
github.com/sreckoskocilic/envocabulary/cmd/envocabulary/main.go:401.27,402.28 1 3
github.com/sreckoskocilic/envocabulary/cmd/envocabulary/main.go:402.28,403.25 1 3
github.com/sreckoskocilic/envocabulary/cmd/envocabulary/main.go:403.25,405.5 1 1
github.com/sreckoskocilic/envocabulary/cmd/envocabulary/main.go:406.4,407.24 2 3
github.com/sreckoskocilic/envocabulary/cmd/envocabulary/main.go:409.3,411.30 3 3
github.com/sreckoskocilic/envocabulary/cmd/envocabulary/main.go:411.30,413.4 1 3
github.com/sreckoskocilic/envocabulary/cmd/envocabulary/main.go:417.60,420.20 3 5
github.com/sreckoskocilic/envocabulary/cmd/envocabulary/main.go:420.20,420.41 1 0
github.com/sreckoskocilic/envocabulary/cmd/envocabulary/main.go:421.2,423.39 3 5
github.com/sreckoskocilic/envocabulary/cmd/envocabulary/main.go:423.39,425.3 1 0
github.com/sreckoskocilic/envocabulary/cmd/envocabulary/main.go:426.2,426.19 1 5
github.com/sreckoskocilic/envocabulary/cmd/envocabulary/main.go:426.19,429.3 2 1
github.com/sreckoskocilic/envocabulary/cmd/envocabulary/main.go:431.2,432.16 2 4
github.com/sreckoskocilic/envocabulary/cmd/envocabulary/main.go:432.16,435.3 2 1
github.com/sreckoskocilic/envocabulary/cmd/envocabulary/main.go:437.2,439.16 3 3
github.com/sreckoskocilic/envocabulary/cmd/envocabulary/main.go:439.16,441.3 1 1
github.com/sreckoskocilic/envocabulary/cmd/envocabulary/main.go:442.2,444.11 2 2
github.com/sreckoskocilic/envocabulary/cmd/envocabulary/main.go:444.11,446.17 2 1
github.com/sreckoskocilic/envocabulary/cmd/envocabulary/main.go:446.17,448.4 1 0
github.com/sreckoskocilic/envocabulary/cmd/envocabulary/main.go:449.3,451.11 3 1
github.com/sreckoskocilic/envocabulary/cmd/envocabulary/main.go:454.2,455.16 2 1
github.com/sreckoskocilic/envocabulary/cmd/envocabulary/main.go:455.16,457.3 1 0
github.com/sreckoskocilic/envocabulary/cmd/envocabulary/main.go:458.2,459.30 2 1
github.com/sreckoskocilic/envocabulary/cmd/envocabulary/main.go:459.30,460.13 1 2
github.com/sreckoskocilic/envocabulary/cmd/envocabulary/main.go:460.13,461.12 1 1
github.com/sreckoskocilic/envocabulary/cmd/envocabulary/main.go:463.3,464.66 2 1
github.com/sreckoskocilic/envocabulary/cmd/envocabulary/main.go:466.2,466.10 1 1
github.com/sreckoskocilic/envocabulary/cmd/envocabulary/main.go:469.64,472.20 3 3
github.com/sreckoskocilic/envocabulary/cmd/envocabulary/main.go:472.20,472.45 1 0
github.com/sreckoskocilic/envocabulary/cmd/envocabulary/main.go:473.2,473.39 1 3
github.com/sreckoskocilic/envocabulary/cmd/envocabulary/main.go:473.39,475.3 1 0
github.com/sreckoskocilic/envocabulary/cmd/envocabulary/main.go:477.2,478.21 2 3
github.com/sreckoskocilic/envocabulary/cmd/envocabulary/main.go:478.21,481.3 2 1
github.com/sreckoskocilic/envocabulary/cmd/envocabulary/main.go:482.2,483.10 2 2
github.com/sreckoskocilic/envocabulary/cmd/envocabulary/main.go:486.61,487.26 1 4
github.com/sreckoskocilic/envocabulary/cmd/envocabulary/main.go:487.26,488.12 1 5
github.com/sreckoskocilic/envocabulary/cmd/envocabulary/main.go:488.12,490.4 1 1
github.com/sreckoskocilic/envocabulary/cmd/envocabulary/main.go:491.3,492.37 2 5
github.com/sreckoskocilic/envocabulary/cmd/envocabulary/main.go:492.37,494.4 1 1
github.com/sreckoskocilic/envocabulary/cmd/envocabulary/main.go:495.3,496.19 2 5
github.com/sreckoskocilic/envocabulary/cmd/envocabulary/main.go:496.19,498.12 2 1
github.com/sreckoskocilic/envocabulary/cmd/envocabulary/main.go:500.3,505.57 6 4
github.com/sreckoskocilic/envocabulary/cmd/envocabulary/main.go:509.77,511.27 2 5
github.com/sreckoskocilic/envocabulary/cmd/envocabulary/main.go:511.27,513.3 1 9
github.com/sreckoskocilic/envocabulary/cmd/envocabulary/main.go:514.2,514.10 1 5
github.com/sreckoskocilic/envocabulary/cmd/envocabulary/main.go:517.68,518.21 1 22
github.com/sreckoskocilic/envocabulary/cmd/envocabulary/main.go:518.21,520.3 1 15
github.com/sreckoskocilic/envocabulary/cmd/envocabulary/main.go:521.2,522.27 2 7
github.com/sreckoskocilic/envocabulary/cmd/envocabulary/main.go:522.27,524.3 1 8
github.com/sreckoskocilic/envocabulary/cmd/envocabulary/main.go:525.2,525.83 1 7
github.com/sreckoskocilic/envocabulary/cmd/envocabulary/main.go:528.88,537.26 3 2
github.com/sreckoskocilic/envocabulary/cmd/envocabulary/main.go:537.26,539.17 2 2
github.com/sreckoskocilic/envocabulary/cmd/envocabulary/main.go:539.17,541.4 1 1
github.com/sreckoskocilic/envocabulary/cmd/envocabulary/main.go:542.3,542.25 1 2
github.com/sreckoskocilic/envocabulary/cmd/envocabulary/main.go:544.2,546.41 3 2
github.com/sreckoskocilic/envocabulary/cmd/envocabulary/main.go:546.41,548.3 1 0
github.com/sreckoskocilic/envocabulary/cmd/envocabulary/main.go:549.2,549.10 1 2
github.com/sreckoskocilic/envocabulary/cmd/envocabulary/main.go:552.71,554.28 2 2
github.com/sreckoskocilic/envocabulary/cmd/envocabulary/main.go:554.28,555.28 1 6
github.com/sreckoskocilic/envocabulary/cmd/envocabulary/main.go:555.28,556.21 1 4
github.com/sreckoskocilic/envocabulary/cmd/envocabulary/main.go:556.21,558.5 1 2
github.com/sreckoskocilic/envocabulary/cmd/envocabulary/main.go:559.4,560.24 2 4
github.com/sreckoskocilic/envocabulary/cmd/envocabulary/main.go:562.3,563.23 2 6
github.com/sreckoskocilic/envocabulary/cmd/envocabulary/main.go:563.23,565.4 1 4
github.com/sreckoskocilic/envocabulary/cmd/envocabulary/main.go:566.3,566.22 1 6
github.com/sreckoskocilic/envocabulary/cmd/envocabulary/main.go:566.22,568.4 1 2
github.com/sreckoskocilic/envocabulary/cmd/envocabulary/main.go:569.3,569.17 1 6
github.com/sreckoskocilic/envocabulary/cmd/envocabulary/main.go:569.17,571.4 1 3
github.com/sreckoskocilic/envocabulary/cmd/envocabulary/main.go:572.3,572.24 1 6
github.com/sreckoskocilic/envocabulary/cmd/envocabulary/main.go:576.39,577.17 1 7
github.com/sreckoskocilic/envocabulary/cmd/envocabulary/main.go:577.17,579.3 1 6
github.com/sreckoskocilic/envocabulary/cmd/envocabulary/main.go:580.2,580.22 1 1
github.com/sreckoskocilic/envocabulary/cmd/envocabulary/main.go:583.43,586.2 2 2
github.com/sreckoskocilic/envocabulary/internal/inventory/inventory.go:54.24,56.16 2 6
github.com/sreckoskocilic/envocabulary/internal/inventory/inventory.go:56.16,58.3 1 0
github.com/sreckoskocilic/envocabulary/internal/inventory/inventory.go:59.2,60.16 2 6
github.com/sreckoskocilic/envocabulary/internal/inventory/inventory.go:60.16,62.3 1 0
github.com/sreckoskocilic/envocabulary/internal/inventory/inventory.go:64.2,67.38 3 6
github.com/sreckoskocilic/envocabulary/internal/inventory/inventory.go:67.38,69.39 2 30
github.com/sreckoskocilic/envocabulary/internal/inventory/inventory.go:69.39,72.4 2 5
github.com/sreckoskocilic/envocabulary/internal/inventory/inventory.go:74.2,74.39 1 6
github.com/sreckoskocilic/envocabulary/internal/inventory/inventory.go:74.39,76.14 2 18
github.com/sreckoskocilic/envocabulary/internal/inventory/inventory.go:76.14,77.12 1 0
github.com/sreckoskocilic/envocabulary/internal/inventory/inventory.go:79.3,79.39 1 18
github.com/sreckoskocilic/envocabulary/internal/inventory/inventory.go:79.39,82.4 2 3
github.com/sreckoskocilic/envocabulary/internal/inventory/inventory.go:85.2,85.44 1 6
github.com/sreckoskocilic/envocabulary/internal/inventory/inventory.go:85.44,87.3 1 5
github.com/sreckoskocilic/envocabulary/internal/inventory/inventory.go:88.2,88.18 1 6
github.com/sreckoskocilic/envocabulary/internal/inventory/inventory.go:88.18,89.45 1 2
github.com/sreckoskocilic/envocabulary/internal/inventory/inventory.go:89.45,91.4 1 1
github.com/sreckoskocilic/envocabulary/internal/inventory/inventory.go:93.2,93.14 1 6
github.com/sreckoskocilic/envocabulary/internal/inventory/inventory.go:96.61,98.16 2 11
github.com/sreckoskocilic/envocabulary/internal/inventory/inventory.go:98.16,100.3 1 1
github.com/sreckoskocilic/envocabulary/internal/inventory/inventory.go:101.2,102.28 2 10
github.com/sreckoskocilic/envocabulary/internal/inventory/inventory.go:102.28,103.16 1 18
github.com/sreckoskocilic/envocabulary/internal/inventory/inventory.go:103.16,104.12 1 1
github.com/sreckoskocilic/envocabulary/internal/inventory/inventory.go:106.3,107.29 2 17
github.com/sreckoskocilic/envocabulary/internal/inventory/inventory.go:107.29,108.12 1 2
github.com/sreckoskocilic/envocabulary/internal/inventory/inventory.go:110.3,110.24 1 15
github.com/sreckoskocilic/envocabulary/internal/inventory/inventory.go:110.24,111.12 1 8
github.com/sreckoskocilic/envocabulary/internal/inventory/inventory.go:113.3,114.14 2 7
github.com/sreckoskocilic/envocabulary/internal/inventory/inventory.go:114.14,115.12 1 1
github.com/sreckoskocilic/envocabulary/internal/inventory/inventory.go:117.3,118.23 2 6
github.com/sreckoskocilic/envocabulary/internal/inventory/inventory.go:120.2,121.12 2 10
github.com/sreckoskocilic/envocabulary/internal/inventory/inventory.go:124.40,125.35 1 23
github.com/sreckoskocilic/envocabulary/internal/inventory/inventory.go:125.35,126.118 1 103
github.com/sreckoskocilic/envocabulary/internal/inventory/inventory.go:126.118,128.4 1 19
github.com/sreckoskocilic/envocabulary/internal/inventory/inventory.go:130.2,130.14 1 4
github.com/sreckoskocilic/envocabulary/internal/inventory/inventory.go:133.36,134.38 1 27
github.com/sreckoskocilic/envocabulary/internal/inventory/inventory.go:134.38,135.16 1 113
github.com/sreckoskocilic/envocabulary/internal/inventory/inventory.go:135.16,137.4 1 10
github.com/sreckoskocilic/envocabulary/internal/inventory/inventory.go:139.2,139.39 1 17
github.com/sreckoskocilic/envocabulary/internal/inventory/inventory.go:139.39,140.16 1 43
github.com/sreckoskocilic/envocabulary/internal/inventory/inventory.go:140.16,142.4 1 6
github.com/sreckoskocilic/envocabulary/internal/inventory/inventory.go:144.2,144.14 1 11
github.com/sreckoskocilic/envocabulary/internal/inventory/inventory.go:147.45,149.16 2 16
github.com/sreckoskocilic/envocabulary/internal/inventory/inventory.go:149.16,151.3 1 1
github.com/sreckoskocilic/envocabulary/internal/inventory/inventory.go:152.2,154.61 3 15
github.com/sreckoskocilic/envocabulary/internal/inventory/inventory.go:174.47,179.16 5 30
github.com/sreckoskocilic/envocabulary/internal/inventory/inventory.go:179.16,183.55 4 36
github.com/sreckoskocilic/envocabulary/internal/inventory/inventory.go:183.55,184.12 1 7
github.com/sreckoskocilic/envocabulary/internal/inventory/inventory.go:186.3,186.55 1 29
github.com/sreckoskocilic/envocabulary/internal/inventory/inventory.go:186.55,188.12 2 17
github.com/sreckoskocilic/envocabulary/internal/inventory/inventory.go:190.3,190.54 1 12
github.com/sreckoskocilic/envocabulary/internal/inventory/inventory.go:190.54,192.12 2 4
github.com/sreckoskocilic/envocabulary/internal/inventory/inventory.go:194.3,194.55 1 8
github.com/sreckoskocilic/envocabulary/internal/inventory/inventory.go:194.55,196.12 2 1
github.com/sreckoskocilic/envocabulary/internal/inventory/inventory.go:198.3,198.88 1 7
github.com/sreckoskocilic/envocabulary/internal/inventory/inventory.go:198.88,200.12 2 2
github.com/sreckoskocilic/envocabulary/internal/inventory/inventory.go:202.3,202.55 1 5
github.com/sreckoskocilic/envocabulary/internal/inventory/inventory.go:202.55,204.12 2 2
github.com/sreckoskocilic/envocabulary/internal/inventory/inventory.go:206.3,206.85 1 3
github.com/sreckoskocilic/envocabulary/internal/inventory/inventory.go:206.85,208.12 2 1
github.com/sreckoskocilic/envocabulary/internal/inventory/inventory.go:211.2,211.24 1 30
